<?xml version="1.0" encoding="UTF-8"?>
<coverage generated="1624306806798" clover="3.2.0">
  <project timestamp="1624306806798" name="All files">
    <metrics statements="12" coveredstatements="12" conditionals="0" coveredconditionals="0" methods="11" coveredmethods="11" elements="23" coveredelements="23" complexity="0" loc="12" ncloc="12" packages="1" files="4" classes="4"/>
    <file name="arrays.js" path="C:\Users\German Guerci\Desktop\Jest-Platzi\arrays.js">
      <metrics statements="2" coveredstatements="2" conditionals="0" coveredconditionals="0" methods="2" coveredmethods="2"/>
      <line num="1" count="3" type="stmt"/>
      <line num="2" count="1" type="stmt"/>
    </file>
    <file name="maths.js" path="C:\Users\German Guerci\Desktop\Jest-Platzi\maths.js">
      <metrics statements="4" coveredstatements="4" conditionals="0" coveredconditionals="0" methods="4" coveredmethods="4"/>
      <line num="1" count="1" type="stmt"/>
      <line num="3" count="1" type="stmt"/>
      <line num="5" count="1" type="stmt"/>
      <line num="7" count="1" type="stmt"/>
    </file>
    <file name="numbers.js" path="C:\Users\German Guerci\Desktop\Jest-Platzi\numbers.js">
      <metrics statements="2" coveredstatements="2" conditionals="0" coveredconditionals="0" methods="1" coveredmethods="1"/>
      <line num="1" count="1" type="stmt"/>
      <line num="2" count="5" type="stmt"/>
    </file>
    <file name="true.js" path="C:\Users\German Guerci\Desktop\Jest-Platzi\true.js">
      <metrics statements="4" coveredstatements="4" conditionals="0" coveredconditionals="0" methods="4" coveredmethods="4"/>
      <line num="1" count="1" type="stmt"/>
      <line num="2" count="1" type="stmt"/>
      <line num="3" count="1" type="stmt"/>
      <line num="4" count="1" type="stmt"/>
    </file>
  </project>
</coverage>
